<?xml version="1.0" encoding="UTF-8"?>
<testsuites name="jest tests" tests="37" failures="0" errors="0" time="0.763">
  <testsuite name="RBAC System" errors="0" failures="0" skipped="0" timestamp="2025-09-13T04:41:46" time="0.221" tests="21">
    <testcase classname="RBAC System › Role and Permission Definitions" name="should have all required roles defined" time="0.002">
    </testcase>
    <testcase classname="RBAC System › Role and Permission Definitions" name="should have all required permissions defined" time="0.001">
    </testcase>
    <testcase classname="RBAC System › Role and Permission Definitions" name="should have proper role-to-permission mapping" time="0.001">
    </testcase>
    <testcase classname="RBAC System › Permission Checking Functions › hasPermission" name="should return true when user has the required permission" time="0.001">
    </testcase>
    <testcase classname="RBAC System › Permission Checking Functions › hasPermission" name="should return false when user does not have the required permission" time="0.001">
    </testcase>
    <testcase classname="RBAC System › Permission Checking Functions › hasAnyPermission" name="should return true when user has at least one of the required permissions" time="0">
    </testcase>
    <testcase classname="RBAC System › Permission Checking Functions › hasAnyPermission" name="should return false when user has none of the required permissions" time="0">
    </testcase>
    <testcase classname="RBAC System › Permission Checking Functions › hasAllPermissions" name="should return true when user has all required permissions" time="0.001">
    </testcase>
    <testcase classname="RBAC System › Permission Checking Functions › hasAllPermissions" name="should return false when user is missing any required permission" time="0.001">
    </testcase>
    <testcase classname="RBAC System › Role Hierarchy" name="admin should have more permissions than editor" time="0.001">
    </testcase>
    <testcase classname="RBAC System › Role Hierarchy" name="editor should have more permissions than viewer" time="0">
    </testcase>
    <testcase classname="RBAC System › Security Boundaries" name="viewer should not have any admin permissions" time="0.001">
    </testcase>
    <testcase classname="RBAC System › Security Boundaries" name="editor should not have system administration permissions" time="0.001">
    </testcase>
    <testcase classname="RBAC System › Security Boundaries" name="only admin should have system management permissions" time="0.001">
    </testcase>
    <testcase classname="RBAC System › Permission Validation" name="should validate all permissions are strings" time="0.004">
    </testcase>
    <testcase classname="RBAC System › Permission Validation" name="should validate all roles are strings" time="0.003">
    </testcase>
    <testcase classname="RBAC System › Permission Validation" name="should validate role permissions mapping is complete" time="0.001">
    </testcase>
    <testcase classname="RBAC System › Permission Categories" name="should have content management permissions" time="0.001">
    </testcase>
    <testcase classname="RBAC System › Permission Categories" name="should have user management permissions" time="0">
    </testcase>
    <testcase classname="RBAC System › Permission Categories" name="should have system administration permissions" time="0.001">
    </testcase>
    <testcase classname="RBAC System › Permission Categories" name="should have analytics and reporting permissions" time="0">
    </testcase>
  </testsuite>
  <testsuite name="Automated Security Testing" errors="0" failures="0" skipped="0" timestamp="2025-09-13T04:41:47" time="0.176" tests="16">
    <testcase classname="Automated Security Testing › Privilege Escalation Prevention" name="should prevent horizontal privilege escalation" time="0.002">
    </testcase>
    <testcase classname="Automated Security Testing › Privilege Escalation Prevention" name="should prevent vertical privilege escalation" time="0.001">
    </testcase>
    <testcase classname="Automated Security Testing › Privilege Escalation Prevention" name="should enforce role hierarchy boundaries" time="0.003">
    </testcase>
    <testcase classname="Automated Security Testing › Access Control Matrix Validation" name="should enforce correct permissions for admin" time="0.001">
    </testcase>
    <testcase classname="Automated Security Testing › Access Control Matrix Validation" name="should enforce correct permissions for editor" time="0">
    </testcase>
    <testcase classname="Automated Security Testing › Access Control Matrix Validation" name="should enforce correct permissions for viewer" time="0.001">
    </testcase>
    <testcase classname="Automated Security Testing › Session Security Validation" name="should reject inactive users" time="0">
    </testcase>
    <testcase classname="Automated Security Testing › Session Security Validation" name="should validate user object structure" time="0">
    </testcase>
    <testcase classname="Automated Security Testing › Audit Event Logging Security" name="should log security-sensitive operations" time="0">
    </testcase>
    <testcase classname="Automated Security Testing › Audit Event Logging Security" name="should handle malformed audit events gracefully" time="0.045">
    </testcase>
    <testcase classname="Automated Security Testing › Compliance Validation" name="should validate GDPR data access controls" time="0">
    </testcase>
    <testcase classname="Automated Security Testing › Compliance Validation" name="should validate SOC2 access logging requirements" time="0.001">
    </testcase>
    <testcase classname="Automated Security Testing › Security Boundary Testing" name="should prevent permission tampering" time="0.001">
    </testcase>
    <testcase classname="Automated Security Testing › Security Boundary Testing" name="should validate role consistency" time="0">
    </testcase>
    <testcase classname="Security Integration Tests › API Endpoint Security" name="should validate admin endpoint protection" time="0">
    </testcase>
    <testcase classname="Security Integration Tests › Feature Flag Security" name="should validate feature flag access controls" time="0">
    </testcase>
  </testsuite>
</testsuites>